1694081903636	geckodriver	INFO	Listening on 127.0.0.1:52317
1694081906757	mozrunner::runner	INFO	Running command: "C:\\Program Files\\Mozilla Firefox\\firefox.exe" "--marionette" "--remote-debugging-port" "52318" "--remote-allow-hosts" "localhost" "-no-remote" "-profile" "C:\\Users\\Fazul\\AppData\\Local\\Temp\\rust_mozprofileR8Bush"
console.warn: services.settings: Ignoring preference override of remote settings server
console.warn: services.settings: Allow by setting MOZ_REMOTE_SETTINGS_DEVTOOLS=1 in the environment
1694081908163	Marionette	INFO	Marionette enabled
Dynamically enable window occlusion 0
1694081908452	Marionette	INFO	Listening on port 52331
WebDriver BiDi listening on ws://127.0.0.1:52318
Read port: 52331
1694081908838	RemoteAgent	WARN	TLS certificate errors will be ignored for this session
DevTools listening on ws://127.0.0.1:52318/devtools/browser/424ed6ec-3e5a-4f24-8617-42b7196614ac
JavaScript warning: https://d235vmrai5heq2.cloudfront.net/js/admin/lib/jquery/jquery.min.js, line 2: Using //@ to indicate sourceMappingURL pragmas is deprecated. Use //# instead
JavaScript warning: https://d235vmrai5heq2.cloudfront.net/js/default/review.js?v=V3.1.80091, line 33: unreachable code after return statement
JavaScript warning: https://d235vmrai5heq2.cloudfront.net/js/default/paypal.js?v=V3.1.80091, line 564: unreachable code after return statement
1694081921458	Marionette	INFO	Stopped listening on port 52331
Dynamically enable window occlusion 1
1694081932635	geckodriver	INFO	Listening on 127.0.0.1:52418
1694081935681	mozrunner::runner	INFO	Running command: "C:\\Program Files\\Mozilla Firefox\\firefox.exe" "--marionette" "--remote-debugging-port" "52419" "--remote-allow-hosts" "localhost" "-no-remote" "-profile" "C:\\Users\\Fazul\\AppData\\Local\\Temp\\rust_mozprofileuEd73r"
console.warn: services.settings: Ignoring preference override of remote settings server
console.warn: services.settings: Allow by setting MOZ_REMOTE_SETTINGS_DEVTOOLS=1 in the environment
1694081936444	Marionette	INFO	Marionette enabled
Dynamically enable window occlusion 0
1694081936710	Marionette	INFO	Listening on port 52426
WebDriver BiDi listening on ws://127.0.0.1:52419
Read port: 52426
1694081937059	RemoteAgent	WARN	TLS certificate errors will be ignored for this session
DevTools listening on ws://127.0.0.1:52419/devtools/browser/627530ff-6ea7-4a7f-84b3-b66723e87928
JavaScript warning: https://d235vmrai5heq2.cloudfront.net/js/admin/lib/jquery/jquery.min.js, line 2: Using //@ to indicate sourceMappingURL pragmas is deprecated. Use //# instead
JavaScript warning: https://d235vmrai5heq2.cloudfront.net/js/default/review.js?v=V3.1.80091, line 33: unreachable code after return statement
JavaScript warning: https://d235vmrai5heq2.cloudfront.net/js/default/paypal.js?v=V3.1.80091, line 564: unreachable code after return statement
console.warn: LoginRecipes: "Falling back to a synchronous message for: https://www.letskodeit.com."
console.warn: LoginRecipes: "Falling back to a synchronous message for: https://www.letskodeit.com."
JavaScript warning: https://d235vmrai5heq2.cloudfront.net/js/admin/lib/jquery/jquery.min.js, line 2: Using //@ to indicate sourceMappingURL pragmas is deprecated. Use //# instead
JavaScript warning: https://d235vmrai5heq2.cloudfront.net/js/default/review.js?v=V3.1.80091, line 33: unreachable code after return statement
JavaScript warning: https://d235vmrai5heq2.cloudfront.net/js/default/paypal.js?v=V3.1.80091, line 564: unreachable code after return statement
1694081953834	Marionette	INFO	Stopped listening on port 52426
Dynamically enable window occlusion 1
